<?xml version="1.0" encoding="UTF-8"?>
<testsuite xmlns:xsi="http://www.w3.org/2001/XMLSchema-instance" xsi:noNamespaceSchemaLocation="https://maven.apache.org/surefire/maven-surefire-plugin/xsd/surefire-test-report.xsd" name="idatt.idi.ntnu.edu.StudentTest" time="0.017" tests="3" errors="0" skipped="0" failures="0">
  <properties>
    <property name="java.specification.version" value="25"/>
    <property name="sun.jnu.encoding" value="UTF-8"/>
    <property name="java.class.path" value="/Users/edvardladim/Library/CloudStorage/OneDrive-NTNU/1.år(2025-2026)/1. semester/IDATT1003 Programmering 1/ovingerx/ovinger/oving9/student/target/test-classes:/Users/edvardladim/Library/CloudStorage/OneDrive-NTNU/1.år(2025-2026)/1. semester/IDATT1003 Programmering 1/ovingerx/ovinger/oving9/student/target/classes:/Users/edvardladim/.m2/repository/org/junit/jupiter/junit-jupiter/5.10.0/junit-jupiter-5.10.0.jar:/Users/edvardladim/.m2/repository/org/junit/jupiter/junit-jupiter-api/5.10.0/junit-jupiter-api-5.10.0.jar:/Users/edvardladim/.m2/repository/org/opentest4j/opentest4j/1.3.0/opentest4j-1.3.0.jar:/Users/edvardladim/.m2/repository/org/junit/platform/junit-platform-commons/1.10.0/junit-platform-commons-1.10.0.jar:/Users/edvardladim/.m2/repository/org/apiguardian/apiguardian-api/1.1.2/apiguardian-api-1.1.2.jar:/Users/edvardladim/.m2/repository/org/junit/jupiter/junit-jupiter-params/5.10.0/junit-jupiter-params-5.10.0.jar:/Users/edvardladim/.m2/repository/org/junit/jupiter/junit-jupiter-engine/5.10.0/junit-jupiter-engine-5.10.0.jar:/Users/edvardladim/.m2/repository/org/junit/platform/junit-platform-engine/1.10.0/junit-platform-engine-1.10.0.jar:"/>
    <property name="java.vm.vendor" value="Homebrew"/>
    <property name="sun.arch.data.model" value="64"/>
    <property name="java.vendor.url" value="https://github.com/Homebrew/homebrew-core/issues"/>
    <property name="os.name" value="Mac OS X"/>
    <property name="java.vm.specification.version" value="25"/>
    <property name="sun.java.launcher" value="SUN_STANDARD"/>
    <property name="user.country" value="NO"/>
    <property name="sun.boot.library.path" value="/opt/homebrew/Cellar/openjdk/25/libexec/openjdk.jdk/Contents/Home/lib"/>
    <property name="sun.java.command" value="/Users/edvardladim/Library/CloudStorage/OneDrive-NTNU/1.år(2025-2026)/1. semester/IDATT1003 Programmering 1/ovingerx/ovinger/oving9/student/target/surefire/surefirebooter8850540765401329919.jar /Users/edvardladim/Library/CloudStorage/OneDrive-NTNU/1.år(2025-2026)/1. semester/IDATT1003 Programmering 1/ovingerx/ovinger/oving9/student/target/surefire 2025-10-12T13-55-38_548-jvmRun1 surefire15776364175097751286tmp surefire_04688118899357732459tmp"/>
    <property name="http.nonProxyHosts" value="local|*.local|169.254/16|*.169.254/16"/>
    <property name="jdk.debug" value="release"/>
    <property name="surefire.test.class.path" value="/Users/edvardladim/Library/CloudStorage/OneDrive-NTNU/1.år(2025-2026)/1. semester/IDATT1003 Programmering 1/ovingerx/ovinger/oving9/student/target/test-classes:/Users/edvardladim/Library/CloudStorage/OneDrive-NTNU/1.år(2025-2026)/1. semester/IDATT1003 Programmering 1/ovingerx/ovinger/oving9/student/target/classes:/Users/edvardladim/.m2/repository/org/junit/jupiter/junit-jupiter/5.10.0/junit-jupiter-5.10.0.jar:/Users/edvardladim/.m2/repository/org/junit/jupiter/junit-jupiter-api/5.10.0/junit-jupiter-api-5.10.0.jar:/Users/edvardladim/.m2/repository/org/opentest4j/opentest4j/1.3.0/opentest4j-1.3.0.jar:/Users/edvardladim/.m2/repository/org/junit/platform/junit-platform-commons/1.10.0/junit-platform-commons-1.10.0.jar:/Users/edvardladim/.m2/repository/org/apiguardian/apiguardian-api/1.1.2/apiguardian-api-1.1.2.jar:/Users/edvardladim/.m2/repository/org/junit/jupiter/junit-jupiter-params/5.10.0/junit-jupiter-params-5.10.0.jar:/Users/edvardladim/.m2/repository/org/junit/jupiter/junit-jupiter-engine/5.10.0/junit-jupiter-engine-5.10.0.jar:/Users/edvardladim/.m2/repository/org/junit/platform/junit-platform-engine/1.10.0/junit-platform-engine-1.10.0.jar:"/>
    <property name="sun.cpu.endian" value="little"/>
    <property name="user.home" value="/Users/edvardladim"/>
    <property name="user.language" value="en"/>
    <property name="java.specification.vendor" value="Oracle Corporation"/>
    <property name="java.version.date" value="2025-09-16"/>
    <property name="java.home" value="/opt/homebrew/Cellar/openjdk/25/libexec/openjdk.jdk/Contents/Home"/>
    <property name="file.separator" value="/"/>
    <property name="basedir" value="/Users/edvardladim/Library/CloudStorage/OneDrive-NTNU/1.år(2025-2026)/1. semester/IDATT1003 Programmering 1/ovingerx/ovinger/oving9/student"/>
    <property name="java.vm.compressedOopsMode" value="Zero based"/>
    <property name="line.separator" value="&#10;"/>
    <property name="java.vm.specification.vendor" value="Oracle Corporation"/>
    <property name="java.specification.name" value="Java Platform API Specification"/>
    <property name="apple.awt.application.name" value="ForkedBooter"/>
    <property name="surefire.real.class.path" value="/Users/edvardladim/Library/CloudStorage/OneDrive-NTNU/1.år(2025-2026)/1. semester/IDATT1003 Programmering 1/ovingerx/ovinger/oving9/student/target/surefire/surefirebooter8850540765401329919.jar"/>
    <property name="sun.management.compiler" value="HotSpot 64-Bit Tiered Compilers"/>
    <property name="ftp.nonProxyHosts" value="local|*.local|169.254/16|*.169.254/16"/>
    <property name="java.runtime.version" value="25"/>
    <property name="user.name" value="edvardladim"/>
    <property name="stdout.encoding" value="UTF-8"/>
    <property name="path.separator" value=":"/>
    <property name="os.version" value="26.0.1"/>
    <property name="java.runtime.name" value="OpenJDK Runtime Environment"/>
    <property name="file.encoding" value="UTF-8"/>
    <property name="java.vm.name" value="OpenJDK 64-Bit Server VM"/>
    <property name="java.vendor.version" value="Homebrew"/>
    <property name="localRepository" value="/Users/edvardladim/.m2/repository"/>
    <property name="java.vendor.url.bug" value="https://github.com/Homebrew/homebrew-core/issues"/>
    <property name="java.io.tmpdir" value="/var/folders/dp/5r534chd4w5b7rd6chx7wgzm0000gn/T/"/>
    <property name="java.version" value="25"/>
    <property name="user.dir" value="/Users/edvardladim/Library/CloudStorage/OneDrive-NTNU/1.år(2025-2026)/1. semester/IDATT1003 Programmering 1/ovingerx/ovinger/oving9/student"/>
    <property name="os.arch" value="aarch64"/>
    <property name="java.vm.specification.name" value="Java Virtual Machine Specification"/>
    <property name="native.encoding" value="UTF-8"/>
    <property name="java.library.path" value="/Users/edvardladim/Library/Java/Extensions:/Library/Java/Extensions:/Network/Library/Java/Extensions:/System/Library/Java/Extensions:/usr/lib/java:."/>
    <property name="java.vm.info" value="mixed mode, sharing"/>
    <property name="stderr.encoding" value="UTF-8"/>
    <property name="java.vendor" value="Homebrew"/>
    <property name="java.vm.version" value="25"/>
    <property name="stdin.encoding" value="UTF-8"/>
    <property name="sun.io.unicode.encoding" value="UnicodeBig"/>
    <property name="socksNonProxyHosts" value="local|*.local|169.254/16|*.169.254/16"/>
    <property name="java.class.version" value="69.0"/>
  </properties>
  <testcase name="testToString" classname="idatt.idi.ntnu.edu.StudentTest" time="0.009"/>
  <testcase name="testConstructorAndGetters" classname="idatt.idi.ntnu.edu.StudentTest" time="0"/>
  <testcase name="testIncreaseNumberOfTasks" classname="idatt.idi.ntnu.edu.StudentTest" time="0.001"/>
</testsuite>